<?xml version="1.0" encoding="UTF-8"?>
<testsuite name="uptime verification" tests="3" time="7.327054" failures="1" errors="1" skipped="0" timestamp="2017-02-02T16:13:29-07:00">
  <testcase name="uptime verification go to pinkbike" time="3.415082">
  </testcase>
  <testcase name="uptime verification errors terribly" time="0.000804">
    <error type="NameError" message="undefined local variable or method `some_variable' for #&lt;RSpec::ExampleGroups::UptimeVerification:0x007fe4dd39d928&gt;">
undefined local variable or method `some_variable' for #&lt;RSpec::ExampleGroups::UptimeVerification:0x007fe4dd39d928&gt; (NameError)
NameError:
undefined local variable or method `some_variable' for #&lt;RSpec::ExampleGroups::UptimeVerification:0x007fe4dd39d928&gt;
./selenium_tests/specs/firefly/uptime_spec.rb:10:in `block (2 levels) in &lt;top (required)&gt;'    </error>
  </testcase>
  <testcase name="uptime verification fails horribly" time="3.910232">
    <failure type="RSpec::Expectations::ExpectationNotMetError" message="expected to find link &quot;NOPE&quot; but there were no matches">
expected to find link "NOPE" but there were no matches (RSpec::Expectations::ExpectationNotMetError)
expected to find link "NOPE" but there were no matches
./selenium_tests/specs/firefly/uptime_spec.rb:15:in `block (2 levels) in &lt;top (required)&gt;'    </failure>
  </testcase>
  <system-out>
Environment: QA, Browser: Chrome
  </system-out>
</testsuite>
